# JRE version: Java(TM) SE Runtime Environment (17.0.4.1+1) (build 17.0.4.1+1-LTS-2)
# Java VM: Java HotSpot(TM) 64-Bit Server VM (17.0.4.1+1-LTS-2, mixed mode, sharing, tiered, compressed oops, compressed class ptrs, g1 gc, windows-amd64)
GC Precious Log:
 CPUs: 4 total, 4 available
 Memory: 12174M
 Large Page Support: Disabled
 NUMA Support: Disabled
 Compressed Oops: Enabled (Zero based)
 Heap Region Size: 2M
 Heap Min Capacity: 8M
 Heap Initial Capacity: 192M
 Heap Max Capacity: 3044M
 Pre-touch: Disabled
 Parallel Workers: 4
 Concurrent Workers: 1
 Concurrent Refinement Workers: 4
 Periodic GC: Disabled
Heap:
 garbage-first heap   total 403456K, used 253666K [0x0000000741c00000, 0x0000000800000000)
  region size 2048K, 8 young (16384K), 7 survivors (14336K)
 Metaspace       used 8342K, committed 8512K, reserved 1056768K
  class space    used 862K, committed 960K, reserved 1048576K
GC Heap History (20 events):
Event: 0.966 GC heap before
{Heap before GC invocations=2 (full 0):
 garbage-first heap   total 196608K, used 37644K [0x0000000741c00000, 0x0000000800000000)
  region size 2048K, 18 young (36864K), 1 survivors (2048K)
 Metaspace       used 6574K, committed 6784K, reserved 1056768K
  class space    used 664K, committed 768K, reserved 1048576K
}
Event: 0.967 GC heap after
{Heap after GC invocations=3 (full 0):
 garbage-first heap   total 196608K, used 4363K [0x0000000741c00000, 0x0000000800000000)
  region size 2048K, 1 young (2048K), 1 survivors (2048K)
 Metaspace       used 6574K, committed 6784K, reserved 1056768K
  class space    used 664K, committed 768K, reserved 1048576K
}
Event: 1.329 GC heap before
{Heap before GC invocations=3 (full 0):
 garbage-first heap   total 196608K, used 121099K [0x0000000741c00000, 0x0000000800000000)
  region size 2048K, 26 young (53248K), 1 survivors (2048K)
 Metaspace       used 6685K, committed 6912K, reserved 1056768K
  class space    used 669K, committed 768K, reserved 1048576K
}
Event: 1.331 GC heap after
{Heap after GC invocations=4 (full 0):
 garbage-first heap   total 196608K, used 72646K [0x0000000741c00000, 0x0000000800000000)
  region size 2048K, 2 young (4096K), 2 survivors (4096K)
 Metaspace       used 6685K, committed 6912K, reserved 1056768K
  class space    used 669K, committed 768K, reserved 1048576K
}
Event: 1.390 GC heap before
{Heap before GC invocations=4 (full 0):
 garbage-first heap   total 196608K, used 95174K [0x0000000741c00000, 0x0000000800000000)
  region size 2048K, 3 young (6144K), 2 survivors (4096K)
 Metaspace       used 6688K, committed 6912K, reserved 1056768K
  class space    used 669K, committed 768K, reserved 1048576K
}
Event: 1.391 GC heap after
{Heap after GC invocations=5 (full 0):
 garbage-first heap   total 196608K, used 95109K [0x0000000741c00000, 0x0000000800000000)
  region size 2048K, 2 young (4096K), 2 survivors (4096K)
 Metaspace       used 6688K, committed 6912K, reserved 1056768K
  class space    used 669K, committed 768K, reserved 1048576K
}
Event: 1.427 GC heap before
{Heap before GC invocations=6 (full 0):
 garbage-first heap   total 202752K, used 117637K [0x0000000741c00000, 0x0000000800000000)
  region size 2048K, 3 young (6144K), 2 survivors (4096K)
 Metaspace       used 6688K, committed 6912K, reserved 1056768K
  class space    used 669K, committed 768K, reserved 1048576K
}
Event: 1.429 GC heap after
{Heap after GC invocations=7 (full 0):
 garbage-first heap   total 202752K, used 117775K [0x0000000741c00000, 0x0000000800000000)
  region size 2048K, 2 young (4096K), 2 survivors (4096K)
 Metaspace       used 6688K, committed 6912K, reserved 1056768K
  class space    used 669K, committed 768K, reserved 1048576K
}
Event: 1.465 GC heap before
{Heap before GC invocations=8 (full 0):
 garbage-first heap   total 239616K, used 140303K [0x0000000741c00000, 0x0000000800000000)
  region size 2048K, 3 young (6144K), 2 survivors (4096K)
 Metaspace       used 6688K, committed 6912K, reserved 1056768K
  class space    used 669K, committed 768K, reserved 1048576K
}
Event: 1.466 GC heap after
{Heap after GC invocations=9 (full 0):
 garbage-first heap   total 239616K, used 140331K [0x0000000741c00000, 0x0000000800000000)
  region size 2048K, 2 young (4096K), 2 survivors (4096K)
 Metaspace       used 6688K, committed 6912K, reserved 1056768K
  class space    used 669K, committed 768K, reserved 1048576K
}
Event: 1.495 GC heap before
{Heap before GC invocations=10 (full 0):
 garbage-first heap   total 280576K, used 162859K [0x0000000741c00000, 0x0000000800000000)
  region size 2048K, 3 young (6144K), 2 survivors (4096K)
 Metaspace       used 6688K, committed 6912K, reserved 1056768K
  class space    used 669K, committed 768K, reserved 1048576K
}
Event: 1.498 GC heap after
{Heap after GC invocations=11 (full 0):
 garbage-first heap   total 389120K, used 162756K [0x0000000741c00000, 0x0000000800000000)
  region size 2048K, 2 young (4096K), 2 survivors (4096K)
 Metaspace       used 6688K, committed 6912K, reserved 1056768K
  class space    used 669K, committed 768K, reserved 1048576K
}
Event: 1.525 GC heap before
{Heap before GC invocations=11 (full 0):
 garbage-first heap   total 389120K, used 185284K [0x0000000741c00000, 0x0000000800000000)
  region size 2048K, 3 young (6144K), 2 survivors (4096K)
 Metaspace       used 6688K, committed 6912K, reserved 1056768K
  class space    used 669K, committed 768K, reserved 1048576K
}
Event: 1.526 GC heap after
{Heap after GC invocations=12 (full 0):
 garbage-first heap   total 389120K, used 185286K [0x0000000741c00000, 0x0000000800000000)
  region size 2048K, 2 young (4096K), 2 survivors (4096K)
 Metaspace       used 6688K, committed 6912K, reserved 1056768K
  class space    used 669K, committed 768K, reserved 1048576K
}
Event: 1.556 GC heap before
{Heap before GC invocations=13 (full 0):
 garbage-first heap   total 389120K, used 207814K [0x0000000741c00000, 0x0000000800000000)
  region size 2048K, 3 young (6144K), 2 survivors (4096K)
 Metaspace       used 6688K, committed 6912K, reserved 1056768K
  class space    used 669K, committed 768K, reserved 1048576K
}
Event: 1.557 GC heap after
{Heap after GC invocations=14 (full 0):
 garbage-first heap   total 389120K, used 207814K [0x0000000741c00000, 0x0000000800000000)
  region size 2048K, 2 young (4096K), 2 survivors (4096K)
 Metaspace       used 6688K, committed 6912K, reserved 1056768K
  class space    used 669K, committed 768K, reserved 1048576K
}
Event: 1.895 GC heap before
{Heap before GC invocations=15 (full 0):
 garbage-first heap   total 389120K, used 236486K [0x0000000741c00000, 0x0000000800000000)
  region size 2048K, 6 young (12288K), 2 survivors (4096K)
 Metaspace       used 7757K, committed 7936K, reserved 1056768K
  class space    used 819K, committed 896K, reserved 1048576K
}
Event: 1.897 GC heap after
{Heap after GC invocations=16 (full 0):
 garbage-first heap   total 389120K, used 231221K [0x0000000741c00000, 0x0000000800000000)
  region size 2048K, 2 young (4096K), 2 survivors (4096K)
 Metaspace       used 7757K, committed 7936K, reserved 1056768K
  class space    used 819K, committed 896K, reserved 1048576K
}
Event: 2.791 GC heap before
{Heap before GC invocations=17 (full 0):
 garbage-first heap   total 403456K, used 257845K [0x0000000741c00000, 0x0000000800000000)
  region size 2048K, 14 young (28672K), 2 survivors (4096K)
 Metaspace       used 8336K, committed 8512K, reserved 1056768K
  class space    used 861K, committed 960K, reserved 1048576K
}
Event: 2.796 GC heap after
{Heap after GC invocations=18 (full 0):
 garbage-first heap   total 403456K, used 247522K [0x0000000741c00000, 0x0000000800000000)
  region size 2048K, 7 young (14336K), 7 survivors (14336K)
 Metaspace       used 8336K, committed 8512K, reserved 1056768K
  class space    used 861K, committed 960K, reserved 1048576K
}

