# JRE version: Java(TM) SE Runtime Environment (17.0.4.1+1) (build 17.0.4.1+1-LTS-2)
# Java VM: Java HotSpot(TM) 64-Bit Server VM (17.0.4.1+1-LTS-2, mixed mode, sharing, tiered, compressed oops, compressed class ptrs, g1 gc, windows-amd64)
GC Precious Log:
 CPUs: 4 total, 4 available
 Memory: 12174M
 Large Page Support: Disabled
 NUMA Support: Disabled
 Compressed Oops: Enabled (Zero based)
 Heap Region Size: 2M
 Heap Min Capacity: 8M
 Heap Initial Capacity: 192M
 Heap Max Capacity: 3044M
 Pre-touch: Disabled
 Parallel Workers: 4
 Concurrent Workers: 1
 Concurrent Refinement Workers: 4
 Periodic GC: Disabled
Heap:
 garbage-first heap   total 468992K, used 335340K [0x0000000741c00000, 0x0000000800000000)
  region size 2048K, 33 young (67584K), 1 survivors (2048K)
 Metaspace       used 12520K, committed 12800K, reserved 1064960K
  class space    used 1306K, committed 1472K, reserved 1048576K
GC Heap History (20 events):
Event: 2685.930 GC heap before
{Heap before GC invocations=171 (full 0):
 garbage-first heap   total 468992K, used 417251K [0x0000000741c00000, 0x0000000800000000)
  region size 2048K, 72 young (147456K), 1 survivors (2048K)
 Metaspace       used 12573K, committed 12800K, reserved 1064960K
  class space    used 1320K, committed 1472K, reserved 1048576K
}
Event: 2685.931 GC heap after
{Heap after GC invocations=172 (full 0):
 garbage-first heap   total 468992K, used 271845K [0x0000000741c00000, 0x0000000800000000)
  region size 2048K, 1 young (2048K), 1 survivors (2048K)
 Metaspace       used 12573K, committed 12800K, reserved 1064960K
  class space    used 1320K, committed 1472K, reserved 1048576K
}
Event: 2718.971 GC heap before
{Heap before GC invocations=173 (full 0):
 garbage-first heap   total 468992K, used 417253K [0x0000000741c00000, 0x0000000800000000)
  region size 2048K, 72 young (147456K), 1 survivors (2048K)
 Metaspace       used 12573K, committed 12800K, reserved 1064960K
  class space    used 1320K, committed 1472K, reserved 1048576K
}
Event: 2718.971 GC heap after
{Heap after GC invocations=174 (full 0):
 garbage-first heap   total 468992K, used 271843K [0x0000000741c00000, 0x0000000800000000)
  region size 2048K, 1 young (2048K), 1 survivors (2048K)
 Metaspace       used 12573K, committed 12800K, reserved 1064960K
  class space    used 1320K, committed 1472K, reserved 1048576K
}
Event: 2752.677 GC heap before
{Heap before GC invocations=174 (full 0):
 garbage-first heap   total 468992K, used 417251K [0x0000000741c00000, 0x0000000800000000)
  region size 2048K, 72 young (147456K), 1 survivors (2048K)
 Metaspace       used 12573K, committed 12800K, reserved 1064960K
  class space    used 1320K, committed 1472K, reserved 1048576K
}
Event: 2752.678 GC heap after
{Heap after GC invocations=175 (full 0):
 garbage-first heap   total 468992K, used 271843K [0x0000000741c00000, 0x0000000800000000)
  region size 2048K, 1 young (2048K), 1 survivors (2048K)
 Metaspace       used 12573K, committed 12800K, reserved 1064960K
  class space    used 1320K, committed 1472K, reserved 1048576K
}
Event: 2786.055 GC heap before
{Heap before GC invocations=176 (full 0):
 garbage-first heap   total 468992K, used 417251K [0x0000000741c00000, 0x0000000800000000)
  region size 2048K, 72 young (147456K), 1 survivors (2048K)
 Metaspace       used 12573K, committed 12800K, reserved 1064960K
  class space    used 1320K, committed 1472K, reserved 1048576K
}
Event: 2786.055 GC heap after
{Heap after GC invocations=177 (full 0):
 garbage-first heap   total 468992K, used 271843K [0x0000000741c00000, 0x0000000800000000)
  region size 2048K, 1 young (2048K), 1 survivors (2048K)
 Metaspace       used 12573K, committed 12800K, reserved 1064960K
  class space    used 1320K, committed 1472K, reserved 1048576K
}
Event: 2819.453 GC heap before
{Heap before GC invocations=177 (full 0):
 garbage-first heap   total 468992K, used 417251K [0x0000000741c00000, 0x0000000800000000)
  region size 2048K, 72 young (147456K), 1 survivors (2048K)
 Metaspace       used 12573K, committed 12800K, reserved 1064960K
  class space    used 1320K, committed 1472K, reserved 1048576K
}
Event: 2819.454 GC heap after
{Heap after GC invocations=178 (full 0):
 garbage-first heap   total 468992K, used 271841K [0x0000000741c00000, 0x0000000800000000)
  region size 2048K, 1 young (2048K), 1 survivors (2048K)
 Metaspace       used 12573K, committed 12800K, reserved 1064960K
  class space    used 1320K, committed 1472K, reserved 1048576K
}
Event: 2853.587 GC heap before
{Heap before GC invocations=179 (full 0):
 garbage-first heap   total 468992K, used 417249K [0x0000000741c00000, 0x0000000800000000)
  region size 2048K, 72 young (147456K), 1 survivors (2048K)
 Metaspace       used 12519K, committed 12800K, reserved 1064960K
  class space    used 1306K, committed 1472K, reserved 1048576K
}
Event: 2853.588 GC heap after
{Heap after GC invocations=180 (full 0):
 garbage-first heap   total 468992K, used 271851K [0x0000000741c00000, 0x0000000800000000)
  region size 2048K, 1 young (2048K), 1 survivors (2048K)
 Metaspace       used 12519K, committed 12800K, reserved 1064960K
  class space    used 1306K, committed 1472K, reserved 1048576K
}
Event: 2889.718 GC heap before
{Heap before GC invocations=180 (full 0):
 garbage-first heap   total 468992K, used 417259K [0x0000000741c00000, 0x0000000800000000)
  region size 2048K, 72 young (147456K), 1 survivors (2048K)
 Metaspace       used 12519K, committed 12800K, reserved 1064960K
  class space    used 1306K, committed 1472K, reserved 1048576K
}
Event: 2889.718 GC heap after
{Heap after GC invocations=181 (full 0):
 garbage-first heap   total 468992K, used 271849K [0x0000000741c00000, 0x0000000800000000)
  region size 2048K, 1 young (2048K), 1 survivors (2048K)
 Metaspace       used 12519K, committed 12800K, reserved 1064960K
  class space    used 1306K, committed 1472K, reserved 1048576K
}
Event: 2923.657 GC heap before
{Heap before GC invocations=182 (full 0):
 garbage-first heap   total 468992K, used 417257K [0x0000000741c00000, 0x0000000800000000)
  region size 2048K, 72 young (147456K), 1 survivors (2048K)
 Metaspace       used 12519K, committed 12800K, reserved 1064960K
  class space    used 1306K, committed 1472K, reserved 1048576K
}
Event: 2923.658 GC heap after
{Heap after GC invocations=183 (full 0):
 garbage-first heap   total 468992K, used 271851K [0x0000000741c00000, 0x0000000800000000)
  region size 2048K, 1 young (2048K), 1 survivors (2048K)
 Metaspace       used 12519K, committed 12800K, reserved 1064960K
  class space    used 1306K, committed 1472K, reserved 1048576K
}
Event: 2957.003 GC heap before
{Heap before GC invocations=183 (full 0):
 garbage-first heap   total 468992K, used 417259K [0x0000000741c00000, 0x0000000800000000)
  region size 2048K, 72 young (147456K), 1 survivors (2048K)
 Metaspace       used 12520K, committed 12800K, reserved 1064960K
  class space    used 1306K, committed 1472K, reserved 1048576K
}
Event: 2957.004 GC heap after
{Heap after GC invocations=184 (full 0):
 garbage-first heap   total 468992K, used 271852K [0x0000000741c00000, 0x0000000800000000)
  region size 2048K, 1 young (2048K), 1 survivors (2048K)
 Metaspace       used 12520K, committed 12800K, reserved 1064960K
  class space    used 1306K, committed 1472K, reserved 1048576K
}
Event: 2991.634 GC heap before
{Heap before GC invocations=185 (full 0):
 garbage-first heap   total 468992K, used 417260K [0x0000000741c00000, 0x0000000800000000)
  region size 2048K, 72 young (147456K), 1 survivors (2048K)
 Metaspace       used 12520K, committed 12800K, reserved 1064960K
  class space    used 1306K, committed 1472K, reserved 1048576K
}
Event: 2991.635 GC heap after
{Heap after GC invocations=186 (full 0):
 garbage-first heap   total 468992K, used 271852K [0x0000000741c00000, 0x0000000800000000)
  region size 2048K, 1 young (2048K), 1 survivors (2048K)
 Metaspace       used 12520K, committed 12800K, reserved 1064960K
  class space    used 1306K, committed 1472K, reserved 1048576K
}

