# JRE version: Java(TM) SE Runtime Environment (17.0.4.1+1) (build 17.0.4.1+1-LTS-2)
# Java VM: Java HotSpot(TM) 64-Bit Server VM (17.0.4.1+1-LTS-2, mixed mode, sharing, tiered, compressed oops, compressed class ptrs, g1 gc, windows-amd64)
GC Precious Log:
 CPUs: 4 total, 4 available
 Memory: 12174M
 Large Page Support: Disabled
 NUMA Support: Disabled
 Compressed Oops: Enabled (Zero based)
 Heap Region Size: 2M
 Heap Min Capacity: 8M
 Heap Initial Capacity: 192M
 Heap Max Capacity: 3044M
 Pre-touch: Disabled
 Parallel Workers: 4
 Concurrent Workers: 1
 Concurrent Refinement Workers: 4
 Periodic GC: Disabled
Heap:
 garbage-first heap   total 280576K, used 162839K [0x0000000741c00000, 0x0000000800000000)
  region size 2048K, 2 young (4096K), 2 survivors (4096K)
 Metaspace       used 6694K, committed 6912K, reserved 1056768K
  class space    used 669K, committed 768K, reserved 1048576K
GC Heap History (15 events):
Event: 0.696 GC heap before
{Heap before GC invocations=0 (full 0):
 garbage-first heap   total 196608K, used 10240K [0x0000000741c00000, 0x0000000800000000)
  region size 2048K, 6 young (12288K), 0 survivors (0K)
 Metaspace       used 5787K, committed 6016K, reserved 1056768K
  class space    used 575K, committed 704K, reserved 1048576K
}
Event: 0.701 GC heap after
{Heap after GC invocations=1 (full 0):
 garbage-first heap   total 196608K, used 2712K [0x0000000741c00000, 0x0000000800000000)
  region size 2048K, 1 young (2048K), 1 survivors (2048K)
 Metaspace       used 5787K, committed 6016K, reserved 1056768K
  class space    used 575K, committed 704K, reserved 1048576K
}
Event: 0.719 GC heap before
{Heap before GC invocations=1 (full 0):
 garbage-first heap   total 196608K, used 15000K [0x0000000741c00000, 0x0000000800000000)
  region size 2048K, 7 young (14336K), 1 survivors (2048K)
 Metaspace       used 5789K, committed 6016K, reserved 1056768K
  class space    used 575K, committed 704K, reserved 1048576K
}
Event: 0.722 GC heap after
{Heap after GC invocations=2 (full 0):
 garbage-first heap   total 196608K, used 2807K [0x0000000741c00000, 0x0000000800000000)
  region size 2048K, 1 young (2048K), 1 survivors (2048K)
 Metaspace       used 5789K, committed 6016K, reserved 1056768K
  class space    used 575K, committed 704K, reserved 1048576K
}
Event: 0.976 GC heap before
{Heap before GC invocations=2 (full 0):
 garbage-first heap   total 196608K, used 37623K [0x0000000741c00000, 0x0000000800000000)
  region size 2048K, 18 young (36864K), 1 survivors (2048K)
 Metaspace       used 6582K, committed 6784K, reserved 1056768K
  class space    used 664K, committed 768K, reserved 1048576K
}
Event: 0.977 GC heap after
{Heap after GC invocations=3 (full 0):
 garbage-first heap   total 196608K, used 4331K [0x0000000741c00000, 0x0000000800000000)
  region size 2048K, 1 young (2048K), 1 survivors (2048K)
 Metaspace       used 6582K, committed 6784K, reserved 1056768K
  class space    used 664K, committed 768K, reserved 1048576K
}
Event: 1.280 GC heap before
{Heap before GC invocations=3 (full 0):
 garbage-first heap   total 196608K, used 121067K [0x0000000741c00000, 0x0000000800000000)
  region size 2048K, 26 young (53248K), 1 survivors (2048K)
 Metaspace       used 6692K, committed 6912K, reserved 1056768K
  class space    used 669K, committed 768K, reserved 1048576K
}
Event: 1.282 GC heap after
{Heap after GC invocations=4 (full 0):
 garbage-first heap   total 196608K, used 72504K [0x0000000741c00000, 0x0000000800000000)
  region size 2048K, 2 young (4096K), 2 survivors (4096K)
 Metaspace       used 6692K, committed 6912K, reserved 1056768K
  class space    used 669K, committed 768K, reserved 1048576K
}
Event: 1.333 GC heap before
{Heap before GC invocations=4 (full 0):
 garbage-first heap   total 196608K, used 95032K [0x0000000741c00000, 0x0000000800000000)
  region size 2048K, 3 young (6144K), 2 survivors (4096K)
 Metaspace       used 6694K, committed 6912K, reserved 1056768K
  class space    used 669K, committed 768K, reserved 1048576K
}
Event: 1.334 GC heap after
{Heap after GC invocations=5 (full 0):
 garbage-first heap   total 196608K, used 95076K [0x0000000741c00000, 0x0000000800000000)
  region size 2048K, 2 young (4096K), 2 survivors (4096K)
 Metaspace       used 6694K, committed 6912K, reserved 1056768K
  class space    used 669K, committed 768K, reserved 1048576K
}
Event: 1.374 GC heap before
{Heap before GC invocations=6 (full 0):
 garbage-first heap   total 202752K, used 117604K [0x0000000741c00000, 0x0000000800000000)
  region size 2048K, 3 young (6144K), 2 survivors (4096K)
 Metaspace       used 6694K, committed 6912K, reserved 1056768K
  class space    used 669K, committed 768K, reserved 1048576K
}
Event: 1.375 GC heap after
{Heap after GC invocations=7 (full 0):
 garbage-first heap   total 202752K, used 117716K [0x0000000741c00000, 0x0000000800000000)
  region size 2048K, 2 young (4096K), 2 survivors (4096K)
 Metaspace       used 6694K, committed 6912K, reserved 1056768K
  class space    used 669K, committed 768K, reserved 1048576K
}
Event: 1.411 GC heap before
{Heap before GC invocations=8 (full 0):
 garbage-first heap   total 239616K, used 140244K [0x0000000741c00000, 0x0000000800000000)
  region size 2048K, 3 young (6144K), 2 survivors (4096K)
 Metaspace       used 6694K, committed 6912K, reserved 1056768K
  class space    used 669K, committed 768K, reserved 1048576K
}
Event: 1.412 GC heap after
{Heap after GC invocations=9 (full 0):
 garbage-first heap   total 239616K, used 140298K [0x0000000741c00000, 0x0000000800000000)
  region size 2048K, 2 young (4096K), 2 survivors (4096K)
 Metaspace       used 6694K, committed 6912K, reserved 1056768K
  class space    used 669K, committed 768K, reserved 1048576K
}
Event: 1.443 GC heap before
{Heap before GC invocations=10 (full 0):
 garbage-first heap   total 280576K, used 162826K [0x0000000741c00000, 0x0000000800000000)
  region size 2048K, 3 young (6144K), 2 survivors (4096K)
 Metaspace       used 6694K, committed 6912K, reserved 1056768K
  class space    used 669K, committed 768K, reserved 1048576K
}

